<?xml version="1.0" encoding="UTF-8"?>
<!-- Generated by org.testng.reporters.JUnitReportReporter -->
<testsuite skipped="0" hostname="I-VijayI" name="wv.testcases.TC_06_Discount_Summary" tests="1" failures="0" timestamp="2020-04-22T14:09:37 CDT" time="48.550" errors="0">
  <testcase name="TC_06_Discount_Summary" time="48.550" classname="wv.testcases.TC_06_Discount_Summary"/>
  <system-out/>
</testsuite> <!-- wv.testcases.TC_06_Discount_Summary -->
