<?xml version="1.0" encoding="UTF-8"?>
<!-- Generated by org.testng.reporters.JUnitReportReporter -->
<testsuite skipped="0" hostname="I-VijayI" name="wv.testcases.TC_03_Create_Owner" tests="1" failures="0" timestamp="2020-04-09T08:04:05 CDT" time="7732.335" errors="0">
  <testcase name="TC_03_Create_Owner" time="7732.335" classname="wv.testcases.TC_03_Create_Owner"/>
  <system-out/>
</testsuite> <!-- wv.testcases.TC_03_Create_Owner -->
