<?xml version="1.0" encoding="UTF-8"?>
<!-- Generated by org.testng.reporters.JUnitReportReporter -->
<testsuite skipped="0" hostname="I-VijayI" name="wv.testcases.TC_05_Create_Charger" tests="1" failures="0" timestamp="2020-04-22T14:09:37 CDT" time="18351.236" errors="0">
  <testcase name="TC_05_Create_Charger" time="18351.236" classname="wv.testcases.TC_05_Create_Charger"/>
  <system-out/>
</testsuite> <!-- wv.testcases.TC_05_Create_Charger -->
