<?xml version="1.0" encoding="UTF-8"?>
<!-- Generated by org.testng.reporters.JUnitReportReporter -->
<testsuite skipped="0" hostname="I-VijayI" name="wv.testcases.TC_01_Login" tests="1" failures="0" timestamp="2020-04-22T14:09:37 CDT" time="13.169" errors="0">
  <testcase name="TC_01_Login" time="13.169" classname="wv.testcases.TC_01_Login"/>
  <system-out/>
</testsuite> <!-- wv.testcases.TC_01_Login -->
