<?xml version="1.0" encoding="UTF-8"?>
<!-- Generated by org.testng.reporters.JUnitReportReporter -->
<testsuite skipped="0" hostname="I-VijayI" name="wv.testcases.TC_04_Create_Station" tests="1" failures="0" timestamp="2020-04-22T14:09:37 CDT" time="1205.067" errors="0">
  <testcase name="TC_04_Create_Station" time="1205.067" classname="wv.testcases.TC_04_Create_Station"/>
  <system-out/>
</testsuite> <!-- wv.testcases.TC_04_Create_Station -->
