<?xml version="1.0" encoding="UTF-8"?>
<!-- Generated by org.testng.reporters.JUnitReportReporter -->
<testsuite skipped="0" hostname="I-VijayI" name="wv.testcases.TC_07_Rate_Profile" tests="1" failures="0" timestamp="2020-04-22T14:09:37 CDT" time="1205.060" errors="0">
  <testcase name="Rate_Profile" time="1205.060" classname="wv.testcases.TC_07_Rate_Profile"/>
  <system-out/>
</testsuite> <!-- wv.testcases.TC_07_Rate_Profile -->
