<?xml version="1.0" encoding="UTF-8"?>
<!-- Generated by org.testng.reporters.JUnitReportReporter -->
<testsuite skipped="0" hostname="I-VijayI" name="wv.testcases.TC_02_Homepage" tests="1" failures="0" timestamp="2020-04-22T07:19:24 CDT" time="0.075" errors="0">
  <testcase name="TC_02_Homepage" time="0.075" classname="wv.testcases.TC_02_Homepage"/>
  <system-out/>
</testsuite> <!-- wv.testcases.TC_02_Homepage -->
