<?xml version="1.0" encoding="UTF-8"?>
<!-- Generated by org.testng.reporters.JUnitReportReporter -->
<testsuite skipped="0" hostname="I-VijayI" name="wv.testcases.TC_08_Operating_Hour_Profile_Group_Summary" tests="1" failures="0" timestamp="2020-04-22T14:09:37 CDT" time="1205.058" errors="0">
  <testcase name="Operating_Hour_Profile_Group_Summary" time="1205.058" classname="wv.testcases.TC_08_Operating_Hour_Profile_Group_Summary"/>
  <system-out/>
</testsuite> <!-- wv.testcases.TC_08_Operating_Hour_Profile_Group_Summary -->
