<?xml version="1.0" encoding="UTF-8"?>
<!-- Generated by org.testng.reporters.JUnitReportReporter -->
<testsuite skipped="0" hostname="I-VijayI" name="wv.testcases.TC_05_Discount_Summary" tests="1" failures="0" timestamp="2020-04-20T04:51:27 CDT" time="17.239" errors="0">
  <testcase name="TC_05_Discount_Summary" time="17.239" classname="wv.testcases.TC_05_Discount_Summary"/>
  <system-out/>
</testsuite> <!-- wv.testcases.TC_05_Discount_Summary -->
